#-----------------------------------------------------------
# Vivado v2019.1 (64-bit)
# SW Build 2552052 on Fri May 24 14:49:42 MDT 2019
# IP Build 2548770 on Fri May 24 18:01:18 MDT 2019
# Start of session at: Tue Jan 14 15:58:45 2020
# Process ID: 9320
# Current directory: C:/Users/bayka/Google Drive/Universite/Bilgisayar/CS 223/Project/project
# Command line: vivado.exe -gui_launcher_event rodinguilauncherevent11648 C:\Users\bayka\Google Drive\Universite\Bilgisayar\CS 223\Project\project\project.xpr
# Log file: C:/Users/bayka/Google Drive/Universite/Bilgisayar/CS 223/Project/project/vivado.log
# Journal file: C:/Users/bayka/Google Drive/Universite/Bilgisayar/CS 223/Project/project\vivado.jou
#-----------------------------------------------------------
start_gui
open_project {C:/Users/bayka/Google Drive/Universite/Bilgisayar/CS 223/Project/project/project.xpr}
Scanning sources...
Finished scanning sources
WARNING: [Project 1-509] GeneratedRun file for 'impl_1' not found
CRITICAL WARNING: [Project 1-505] Unrecognized Option Name DcpsUptoDate
WARNING: [Project 1-231] Project 'project.xpr' was created with a future version and may or may not perform reliably with this version of Vivado. It has been opened in read-only mode for the protection of unrecognized data. Use 'File | Save Project As...' if you wish to alter a copy of the project.
INFO: [IP_Flow 19-234] Refreshing IP repositories
INFO: [IP_Flow 19-1704] No user IP repositories specified
INFO: [IP_Flow 19-2313] Loaded Vivado IP repository 'C:/Xilinx/Vivado/2019.1/data/ip'.
open_project: Time (s): cpu = 00:00:23 ; elapsed = 00:00:12 . Memory (MB): peak = 718.668 ; gain = 95.422
update_compile_order -fileset sources_1
exit
INFO: [Common 17-206] Exiting Vivado at Tue Jan 14 16:04:42 2020...
