#-----------------------------------------------------------
# Vivado v2019.2 (64-bit)
# SW Build 2700185 on Thu Oct 24 18:46:05 MDT 2019
# IP Build 2699827 on Thu Oct 24 21:16:38 MDT 2019
# Start of session at: Sun Dec 29 08:07:36 2019
# Process ID: 9324
# Current directory: C:/Users/bayka/Google Drive/Universite/Bilgisayar/CS 223/Project/project
# Command line: vivado.exe -gui_launcher_event rodinguilauncherevent17452 C:\Users\bayka\Google Drive\Universite\Bilgisayar\CS 223\Project\project\project.xpr
# Log file: C:/Users/bayka/Google Drive/Universite/Bilgisayar/CS 223/Project/project/vivado.log
# Journal file: C:/Users/bayka/Google Drive/Universite/Bilgisayar/CS 223/Project/project\vivado.jou
#-----------------------------------------------------------
start_gui
open_project {C:/Users/bayka/Google Drive/Universite/Bilgisayar/CS 223/Project/project/project.xpr}
Scanning sources...
Finished scanning sources
INFO: [IP_Flow 19-234] Refreshing IP repositories
INFO: [IP_Flow 19-1704] No user IP repositories specified
INFO: [IP_Flow 19-2313] Loaded Vivado IP repository 'C:/Xilinx/Vivado/2019.2/data/ip'.
open_project: Time (s): cpu = 00:00:14 ; elapsed = 00:00:06 . Memory (MB): peak = 834.504 ; gain = 188.895
update_compile_order -fileset sources_1
reset_run synth_1
launch_runs impl_1 -to_step write_bitstream -jobs 4
[Sun Dec 29 08:08:23 2019] Launched synth_1...
Run output will be captured here: C:/Users/bayka/Google Drive/Universite/Bilgisayar/CS 223/Project/project/project.runs/synth_1/runme.log
[Sun Dec 29 08:08:23 2019] Launched impl_1...
Run output will be captured here: C:/Users/bayka/Google Drive/Universite/Bilgisayar/CS 223/Project/project/project.runs/impl_1/runme.log
open_hw_manager
connect_hw_server -allow_non_jtag
INFO: [Labtools 27-2285] Connecting to hw_server url TCP:localhost:3121
INFO: [Labtools 27-2222] Launching hw_server...
INFO: [Labtools 27-2221] Launch Output:

****** Xilinx hw_server v2019.2
  **** Build date : Oct 24 2019 at 19:17:01
    ** Copyright 1986-2019 Xilinx, Inc. All Rights Reserved.


INFO: [Labtools 27-3415] Connecting to cs_server url TCP:localhost:3042
INFO: [Labtools 27-3417] Launching cs_server...
INFO: [Labtools 27-2221] Launch Output:


****** Xilinx cs_server v2019.2.0
  **** Build date : Oct 25 2019-04:33:05
    ** Copyright 2017-2019 Xilinx, Inc. All Rights Reserved.



connect_hw_server: Time (s): cpu = 00:00:01 ; elapsed = 00:00:10 . Memory (MB): peak = 891.586 ; gain = 0.000
open_hw_target
INFO: [Labtoolstcl 44-466] Opening hw_target localhost:3121/xilinx_tcf/Digilent/210183AA0CB7A
open_hw_target: Time (s): cpu = 00:00:05 ; elapsed = 00:00:06 . Memory (MB): peak = 2087.672 ; gain = 1196.086
set_property PROGRAM.FILE {C:/Users/bayka/Google Drive/Universite/Bilgisayar/CS 223/Project/project/project.runs/impl_1/main.bit} [get_hw_devices xc7a35t_0]
current_hw_device [get_hw_devices xc7a35t_0]
refresh_hw_device -update_hw_probes false [lindex [get_hw_devices xc7a35t_0] 0]
INFO: [Labtools 27-1434] Device xc7a35t (JTAG device index = 0) is programmed with a design that has no supported debug core(s) in it.
set_property PROBES.FILE {} [get_hw_devices xc7a35t_0]
set_property FULL_PROBES.FILE {} [get_hw_devices xc7a35t_0]
set_property PROGRAM.FILE {C:/Users/bayka/Google Drive/Universite/Bilgisayar/CS 223/Project/project/project.runs/impl_1/main.bit} [get_hw_devices xc7a35t_0]
program_hw_devices [get_hw_devices xc7a35t_0]
INFO: [Labtools 27-3164] End of startup status: HIGH
refresh_hw_device [lindex [get_hw_devices xc7a35t_0] 0]
INFO: [Labtools 27-1434] Device xc7a35t (JTAG device index = 0) is programmed with a design that has no supported debug core(s) in it.
reset_run synth_1
launch_runs impl_1 -to_step write_bitstream -jobs 4
[Sun Dec 29 08:14:44 2019] Launched synth_1...
Run output will be captured here: C:/Users/bayka/Google Drive/Universite/Bilgisayar/CS 223/Project/project/project.runs/synth_1/runme.log
[Sun Dec 29 08:14:44 2019] Launched impl_1...
Run output will be captured here: C:/Users/bayka/Google Drive/Universite/Bilgisayar/CS 223/Project/project/project.runs/impl_1/runme.log
reset_run synth_1
launch_runs impl_1 -to_step write_bitstream -jobs 4
[Sun Dec 29 08:19:31 2019] Launched synth_1...
Run output will be captured here: C:/Users/bayka/Google Drive/Universite/Bilgisayar/CS 223/Project/project/project.runs/synth_1/runme.log
[Sun Dec 29 08:19:31 2019] Launched impl_1...
Run output will be captured here: C:/Users/bayka/Google Drive/Universite/Bilgisayar/CS 223/Project/project/project.runs/impl_1/runme.log
reset_run impl_1 -prev_step 
launch_runs impl_1 -to_step write_bitstream -jobs 4
[Sun Dec 29 08:21:58 2019] Launched impl_1...
Run output will be captured here: C:/Users/bayka/Google Drive/Universite/Bilgisayar/CS 223/Project/project/project.runs/impl_1/runme.log
reset_run impl_1
WARNING: [Vivado 12-1017] Problems encountered:
1. PID not specified

reset_run synth_1
launch_runs impl_1 -to_step write_bitstream -jobs 4
[Sun Dec 29 08:22:13 2019] Launched synth_1...
Run output will be captured here: C:/Users/bayka/Google Drive/Universite/Bilgisayar/CS 223/Project/project/project.runs/synth_1/runme.log
[Sun Dec 29 08:22:13 2019] Launched impl_1...
Run output will be captured here: C:/Users/bayka/Google Drive/Universite/Bilgisayar/CS 223/Project/project/project.runs/impl_1/runme.log
open_run impl_1
INFO: [Device 21-403] Loading part xc7a35tcpg236-1
Netlist sorting complete. Time (s): cpu = 00:00:00 ; elapsed = 00:00:00.007 . Memory (MB): peak = 2925.070 ; gain = 0.000
INFO: [Netlist 29-17] Analyzing 40 Unisim elements for replacement
INFO: [Netlist 29-28] Unisim Transformation completed in 0 CPU seconds
INFO: [Project 1-479] Netlist was created with Vivado 2019.2
INFO: [Project 1-570] Preparing netlist for logic optimization
INFO: [Timing 38-478] Restoring timing data from binary archive.
INFO: [Timing 38-479] Binary timing data restore complete.
INFO: [Project 1-856] Restoring constraints from binary archive.
INFO: [Project 1-853] Binary constraint restore complete.
Reading XDEF placement.
Reading placer database...
Reading XDEF routing.
Read XDEF File: Time (s): cpu = 00:00:00 ; elapsed = 00:00:00.087 . Memory (MB): peak = 3089.898 ; gain = 0.000
Restored from archive | CPU: 0.000000 secs | Memory: 0.000000 MB |
Finished XDEF File Restore: Time (s): cpu = 00:00:00 ; elapsed = 00:00:00.088 . Memory (MB): peak = 3089.898 ; gain = 0.000
Netlist sorting complete. Time (s): cpu = 00:00:00 ; elapsed = 00:00:00 . Memory (MB): peak = 3089.898 ; gain = 0.000
INFO: [Project 1-111] Unisim Transformation Summary:
No Unisim elements were transformed.

open_run: Time (s): cpu = 00:00:33 ; elapsed = 00:00:28 . Memory (MB): peak = 3223.969 ; gain = 547.461
reset_run synth_1
launch_runs impl_1 -to_step write_bitstream -jobs 4
[Sun Dec 29 08:26:20 2019] Launched synth_1...
Run output will be captured here: C:/Users/bayka/Google Drive/Universite/Bilgisayar/CS 223/Project/project/project.runs/synth_1/runme.log
[Sun Dec 29 08:26:20 2019] Launched impl_1...
Run output will be captured here: C:/Users/bayka/Google Drive/Universite/Bilgisayar/CS 223/Project/project/project.runs/impl_1/runme.log
reset_run synth_1
launch_runs impl_1 -to_step write_bitstream -jobs 4
[Sun Dec 29 08:28:32 2019] Launched synth_1...
Run output will be captured here: C:/Users/bayka/Google Drive/Universite/Bilgisayar/CS 223/Project/project/project.runs/synth_1/runme.log
[Sun Dec 29 08:28:32 2019] Launched impl_1...
Run output will be captured here: C:/Users/bayka/Google Drive/Universite/Bilgisayar/CS 223/Project/project/project.runs/impl_1/runme.log
reset_run synth_1
launch_runs impl_1 -to_step write_bitstream -jobs 4
[Sun Dec 29 08:31:07 2019] Launched synth_1...
Run output will be captured here: C:/Users/bayka/Google Drive/Universite/Bilgisayar/CS 223/Project/project/project.runs/synth_1/runme.log
[Sun Dec 29 08:31:07 2019] Launched impl_1...
Run output will be captured here: C:/Users/bayka/Google Drive/Universite/Bilgisayar/CS 223/Project/project/project.runs/impl_1/runme.log
reset_run synth_1
launch_runs impl_1 -to_step write_bitstream -jobs 4
[Sun Dec 29 08:33:29 2019] Launched synth_1...
Run output will be captured here: C:/Users/bayka/Google Drive/Universite/Bilgisayar/CS 223/Project/project/project.runs/synth_1/runme.log
[Sun Dec 29 08:33:29 2019] Launched impl_1...
Run output will be captured here: C:/Users/bayka/Google Drive/Universite/Bilgisayar/CS 223/Project/project/project.runs/impl_1/runme.log
reset_run synth_1
launch_runs impl_1 -to_step write_bitstream -jobs 4
[Sun Dec 29 08:37:33 2019] Launched synth_1...
Run output will be captured here: C:/Users/bayka/Google Drive/Universite/Bilgisayar/CS 223/Project/project/project.runs/synth_1/runme.log
[Sun Dec 29 08:37:33 2019] Launched impl_1...
Run output will be captured here: C:/Users/bayka/Google Drive/Universite/Bilgisayar/CS 223/Project/project/project.runs/impl_1/runme.log
set_property PROBES.FILE {} [get_hw_devices xc7a35t_0]
set_property FULL_PROBES.FILE {} [get_hw_devices xc7a35t_0]
set_property PROGRAM.FILE {C:/Users/bayka/Google Drive/Universite/Bilgisayar/CS 223/Project/project/project.runs/impl_1/main.bit} [get_hw_devices xc7a35t_0]
program_hw_devices [get_hw_devices xc7a35t_0]
INFO: [Labtools 27-3164] End of startup status: HIGH
refresh_hw_device [lindex [get_hw_devices xc7a35t_0] 0]
INFO: [Labtools 27-1434] Device xc7a35t (JTAG device index = 0) is programmed with a design that has no supported debug core(s) in it.
reset_run synth_1
launch_runs impl_1 -to_step write_bitstream -jobs 4
[Sun Dec 29 08:42:59 2019] Launched synth_1...
Run output will be captured here: C:/Users/bayka/Google Drive/Universite/Bilgisayar/CS 223/Project/project/project.runs/synth_1/runme.log
[Sun Dec 29 08:42:59 2019] Launched impl_1...
Run output will be captured here: C:/Users/bayka/Google Drive/Universite/Bilgisayar/CS 223/Project/project/project.runs/impl_1/runme.log
set_property PROBES.FILE {} [get_hw_devices xc7a35t_0]
set_property FULL_PROBES.FILE {} [get_hw_devices xc7a35t_0]
set_property PROGRAM.FILE {C:/Users/bayka/Google Drive/Universite/Bilgisayar/CS 223/Project/project/project.runs/impl_1/main.bit} [get_hw_devices xc7a35t_0]
program_hw_devices [get_hw_devices xc7a35t_0]
INFO: [Labtools 27-3164] End of startup status: HIGH
refresh_hw_device [lindex [get_hw_devices xc7a35t_0] 0]
INFO: [Labtools 27-1434] Device xc7a35t (JTAG device index = 0) is programmed with a design that has no supported debug core(s) in it.
reset_run synth_1
launch_runs impl_1 -to_step write_bitstream -jobs 4
[Sun Dec 29 08:47:03 2019] Launched synth_1...
Run output will be captured here: C:/Users/bayka/Google Drive/Universite/Bilgisayar/CS 223/Project/project/project.runs/synth_1/runme.log
[Sun Dec 29 08:47:03 2019] Launched impl_1...
Run output will be captured here: C:/Users/bayka/Google Drive/Universite/Bilgisayar/CS 223/Project/project/project.runs/impl_1/runme.log
reset_run synth_1
launch_runs impl_1 -to_step write_bitstream -jobs 4
[Sun Dec 29 08:52:36 2019] Launched synth_1...
Run output will be captured here: C:/Users/bayka/Google Drive/Universite/Bilgisayar/CS 223/Project/project/project.runs/synth_1/runme.log
[Sun Dec 29 08:52:36 2019] Launched impl_1...
Run output will be captured here: C:/Users/bayka/Google Drive/Universite/Bilgisayar/CS 223/Project/project/project.runs/impl_1/runme.log
set_property PROBES.FILE {} [get_hw_devices xc7a35t_0]
set_property FULL_PROBES.FILE {} [get_hw_devices xc7a35t_0]
set_property PROGRAM.FILE {C:/Users/bayka/Google Drive/Universite/Bilgisayar/CS 223/Project/project/project.runs/impl_1/main.bit} [get_hw_devices xc7a35t_0]
program_hw_devices [get_hw_devices xc7a35t_0]
INFO: [Labtools 27-3164] End of startup status: HIGH
refresh_hw_device [lindex [get_hw_devices xc7a35t_0] 0]
INFO: [Labtools 27-1434] Device xc7a35t (JTAG device index = 0) is programmed with a design that has no supported debug core(s) in it.
reset_run synth_1
launch_runs impl_1 -to_step write_bitstream -jobs 4
[Sun Dec 29 09:26:29 2019] Launched synth_1...
Run output will be captured here: C:/Users/bayka/Google Drive/Universite/Bilgisayar/CS 223/Project/project/project.runs/synth_1/runme.log
[Sun Dec 29 09:26:29 2019] Launched impl_1...
Run output will be captured here: C:/Users/bayka/Google Drive/Universite/Bilgisayar/CS 223/Project/project/project.runs/impl_1/runme.log
set_property PROBES.FILE {} [get_hw_devices xc7a35t_0]
set_property FULL_PROBES.FILE {} [get_hw_devices xc7a35t_0]
set_property PROGRAM.FILE {C:/Users/bayka/Google Drive/Universite/Bilgisayar/CS 223/Project/project/project.runs/impl_1/main.bit} [get_hw_devices xc7a35t_0]
program_hw_devices [get_hw_devices xc7a35t_0]
INFO: [Labtools 27-3164] End of startup status: HIGH
refresh_hw_device [lindex [get_hw_devices xc7a35t_0] 0]
INFO: [Labtools 27-1434] Device xc7a35t (JTAG device index = 0) is programmed with a design that has no supported debug core(s) in it.
reset_run synth_1
launch_runs impl_1 -to_step write_bitstream -jobs 4
[Sun Dec 29 09:32:33 2019] Launched synth_1...
Run output will be captured here: C:/Users/bayka/Google Drive/Universite/Bilgisayar/CS 223/Project/project/project.runs/synth_1/runme.log
[Sun Dec 29 09:32:33 2019] Launched impl_1...
Run output will be captured here: C:/Users/bayka/Google Drive/Universite/Bilgisayar/CS 223/Project/project/project.runs/impl_1/runme.log
set_property PROBES.FILE {} [get_hw_devices xc7a35t_0]
set_property FULL_PROBES.FILE {} [get_hw_devices xc7a35t_0]
set_property PROGRAM.FILE {C:/Users/bayka/Google Drive/Universite/Bilgisayar/CS 223/Project/project/project.runs/impl_1/main.bit} [get_hw_devices xc7a35t_0]
program_hw_devices [get_hw_devices xc7a35t_0]
INFO: [Labtools 27-3164] End of startup status: HIGH
refresh_hw_device [lindex [get_hw_devices xc7a35t_0] 0]
INFO: [Labtools 27-1434] Device xc7a35t (JTAG device index = 0) is programmed with a design that has no supported debug core(s) in it.
reset_run synth_1
launch_runs impl_1 -to_step write_bitstream -jobs 4
[Sun Dec 29 09:36:16 2019] Launched synth_1...
Run output will be captured here: C:/Users/bayka/Google Drive/Universite/Bilgisayar/CS 223/Project/project/project.runs/synth_1/runme.log
[Sun Dec 29 09:36:16 2019] Launched impl_1...
Run output will be captured here: C:/Users/bayka/Google Drive/Universite/Bilgisayar/CS 223/Project/project/project.runs/impl_1/runme.log
set_property PROBES.FILE {} [get_hw_devices xc7a35t_0]
set_property FULL_PROBES.FILE {} [get_hw_devices xc7a35t_0]
set_property PROGRAM.FILE {C:/Users/bayka/Google Drive/Universite/Bilgisayar/CS 223/Project/project/project.runs/impl_1/main.bit} [get_hw_devices xc7a35t_0]
program_hw_devices [get_hw_devices xc7a35t_0]
INFO: [Labtools 27-3164] End of startup status: HIGH
refresh_hw_device [lindex [get_hw_devices xc7a35t_0] 0]
INFO: [Labtools 27-1434] Device xc7a35t (JTAG device index = 0) is programmed with a design that has no supported debug core(s) in it.
reset_run synth_1
launch_runs impl_1 -to_step write_bitstream -jobs 4
[Sun Dec 29 09:41:44 2019] Launched synth_1...
Run output will be captured here: C:/Users/bayka/Google Drive/Universite/Bilgisayar/CS 223/Project/project/project.runs/synth_1/runme.log
[Sun Dec 29 09:41:44 2019] Launched impl_1...
Run output will be captured here: C:/Users/bayka/Google Drive/Universite/Bilgisayar/CS 223/Project/project/project.runs/impl_1/runme.log
set_property PROBES.FILE {} [get_hw_devices xc7a35t_0]
set_property FULL_PROBES.FILE {} [get_hw_devices xc7a35t_0]
set_property PROGRAM.FILE {C:/Users/bayka/Google Drive/Universite/Bilgisayar/CS 223/Project/project/project.runs/impl_1/main.bit} [get_hw_devices xc7a35t_0]
program_hw_devices [get_hw_devices xc7a35t_0]
INFO: [Labtools 27-3164] End of startup status: HIGH
refresh_hw_device [lindex [get_hw_devices xc7a35t_0] 0]
INFO: [Labtools 27-1434] Device xc7a35t (JTAG device index = 0) is programmed with a design that has no supported debug core(s) in it.
reset_run synth_1
launch_runs impl_1 -to_step write_bitstream -jobs 4
[Sun Dec 29 09:50:19 2019] Launched synth_1...
Run output will be captured here: C:/Users/bayka/Google Drive/Universite/Bilgisayar/CS 223/Project/project/project.runs/synth_1/runme.log
[Sun Dec 29 09:50:19 2019] Launched impl_1...
Run output will be captured here: C:/Users/bayka/Google Drive/Universite/Bilgisayar/CS 223/Project/project/project.runs/impl_1/runme.log
set_property PROBES.FILE {} [get_hw_devices xc7a35t_0]
set_property FULL_PROBES.FILE {} [get_hw_devices xc7a35t_0]
set_property PROGRAM.FILE {C:/Users/bayka/Google Drive/Universite/Bilgisayar/CS 223/Project/project/project.runs/impl_1/main.bit} [get_hw_devices xc7a35t_0]
program_hw_devices [get_hw_devices xc7a35t_0]
INFO: [Labtools 27-3164] End of startup status: HIGH
refresh_hw_device [lindex [get_hw_devices xc7a35t_0] 0]
INFO: [Labtools 27-1434] Device xc7a35t (JTAG device index = 0) is programmed with a design that has no supported debug core(s) in it.
reset_run synth_1
launch_runs impl_1 -to_step write_bitstream -jobs 4
[Sun Dec 29 09:56:23 2019] Launched synth_1...
Run output will be captured here: C:/Users/bayka/Google Drive/Universite/Bilgisayar/CS 223/Project/project/project.runs/synth_1/runme.log
[Sun Dec 29 09:56:23 2019] Launched impl_1...
Run output will be captured here: C:/Users/bayka/Google Drive/Universite/Bilgisayar/CS 223/Project/project/project.runs/impl_1/runme.log
set_property PROBES.FILE {} [get_hw_devices xc7a35t_0]
set_property FULL_PROBES.FILE {} [get_hw_devices xc7a35t_0]
set_property PROGRAM.FILE {C:/Users/bayka/Google Drive/Universite/Bilgisayar/CS 223/Project/project/project.runs/impl_1/main.bit} [get_hw_devices xc7a35t_0]
program_hw_devices [get_hw_devices xc7a35t_0]
INFO: [Labtools 27-3164] End of startup status: HIGH
refresh_hw_device [lindex [get_hw_devices xc7a35t_0] 0]
INFO: [Labtools 27-1434] Device xc7a35t (JTAG device index = 0) is programmed with a design that has no supported debug core(s) in it.
reset_run synth_1
launch_runs impl_1 -to_step write_bitstream -jobs 4
[Sun Dec 29 10:00:19 2019] Launched synth_1...
Run output will be captured here: C:/Users/bayka/Google Drive/Universite/Bilgisayar/CS 223/Project/project/project.runs/synth_1/runme.log
[Sun Dec 29 10:00:19 2019] Launched impl_1...
Run output will be captured here: C:/Users/bayka/Google Drive/Universite/Bilgisayar/CS 223/Project/project/project.runs/impl_1/runme.log
set_property PROBES.FILE {} [get_hw_devices xc7a35t_0]
set_property FULL_PROBES.FILE {} [get_hw_devices xc7a35t_0]
set_property PROGRAM.FILE {C:/Users/bayka/Google Drive/Universite/Bilgisayar/CS 223/Project/project/project.runs/impl_1/main.bit} [get_hw_devices xc7a35t_0]
program_hw_devices [get_hw_devices xc7a35t_0]
INFO: [Labtools 27-3164] End of startup status: HIGH
refresh_hw_device [lindex [get_hw_devices xc7a35t_0] 0]
INFO: [Labtools 27-1434] Device xc7a35t (JTAG device index = 0) is programmed with a design that has no supported debug core(s) in it.
reset_run synth_1
launch_runs impl_1 -to_step write_bitstream -jobs 4
[Sun Dec 29 10:07:03 2019] Launched synth_1...
Run output will be captured here: C:/Users/bayka/Google Drive/Universite/Bilgisayar/CS 223/Project/project/project.runs/synth_1/runme.log
[Sun Dec 29 10:07:03 2019] Launched impl_1...
Run output will be captured here: C:/Users/bayka/Google Drive/Universite/Bilgisayar/CS 223/Project/project/project.runs/impl_1/runme.log
set_property PROBES.FILE {} [get_hw_devices xc7a35t_0]
set_property FULL_PROBES.FILE {} [get_hw_devices xc7a35t_0]
set_property PROGRAM.FILE {C:/Users/bayka/Google Drive/Universite/Bilgisayar/CS 223/Project/project/project.runs/impl_1/main.bit} [get_hw_devices xc7a35t_0]
program_hw_devices [get_hw_devices xc7a35t_0]
INFO: [Labtools 27-3164] End of startup status: HIGH
refresh_hw_device [lindex [get_hw_devices xc7a35t_0] 0]
INFO: [Labtools 27-1434] Device xc7a35t (JTAG device index = 0) is programmed with a design that has no supported debug core(s) in it.
reset_run synth_1
launch_runs impl_1 -to_step write_bitstream -jobs 4
[Sun Dec 29 10:11:32 2019] Launched synth_1...
Run output will be captured here: C:/Users/bayka/Google Drive/Universite/Bilgisayar/CS 223/Project/project/project.runs/synth_1/runme.log
[Sun Dec 29 10:11:32 2019] Launched impl_1...
Run output will be captured here: C:/Users/bayka/Google Drive/Universite/Bilgisayar/CS 223/Project/project/project.runs/impl_1/runme.log
set_property PROBES.FILE {} [get_hw_devices xc7a35t_0]
set_property FULL_PROBES.FILE {} [get_hw_devices xc7a35t_0]
set_property PROGRAM.FILE {C:/Users/bayka/Google Drive/Universite/Bilgisayar/CS 223/Project/project/project.runs/impl_1/main.bit} [get_hw_devices xc7a35t_0]
program_hw_devices [get_hw_devices xc7a35t_0]
INFO: [Labtools 27-3164] End of startup status: HIGH
refresh_hw_device [lindex [get_hw_devices xc7a35t_0] 0]
INFO: [Labtools 27-1434] Device xc7a35t (JTAG device index = 0) is programmed with a design that has no supported debug core(s) in it.
reset_run synth_1
launch_runs impl_1 -to_step write_bitstream -jobs 4
[Sun Dec 29 10:37:35 2019] Launched synth_1...
Run output will be captured here: C:/Users/bayka/Google Drive/Universite/Bilgisayar/CS 223/Project/project/project.runs/synth_1/runme.log
[Sun Dec 29 10:37:35 2019] Launched impl_1...
Run output will be captured here: C:/Users/bayka/Google Drive/Universite/Bilgisayar/CS 223/Project/project/project.runs/impl_1/runme.log
set_property PROBES.FILE {} [get_hw_devices xc7a35t_0]
set_property FULL_PROBES.FILE {} [get_hw_devices xc7a35t_0]
set_property PROGRAM.FILE {C:/Users/bayka/Google Drive/Universite/Bilgisayar/CS 223/Project/project/project.runs/impl_1/main.bit} [get_hw_devices xc7a35t_0]
program_hw_devices [get_hw_devices xc7a35t_0]
INFO: [Labtools 27-3164] End of startup status: HIGH
refresh_hw_device [lindex [get_hw_devices xc7a35t_0] 0]
INFO: [Labtools 27-1434] Device xc7a35t (JTAG device index = 0) is programmed with a design that has no supported debug core(s) in it.
reset_run synth_1
launch_runs impl_1 -to_step write_bitstream -jobs 4
[Sun Dec 29 10:57:28 2019] Launched synth_1...
Run output will be captured here: C:/Users/bayka/Google Drive/Universite/Bilgisayar/CS 223/Project/project/project.runs/synth_1/runme.log
[Sun Dec 29 10:57:28 2019] Launched impl_1...
Run output will be captured here: C:/Users/bayka/Google Drive/Universite/Bilgisayar/CS 223/Project/project/project.runs/impl_1/runme.log
set_property PROBES.FILE {} [get_hw_devices xc7a35t_0]
set_property FULL_PROBES.FILE {} [get_hw_devices xc7a35t_0]
set_property PROGRAM.FILE {C:/Users/bayka/Google Drive/Universite/Bilgisayar/CS 223/Project/project/project.runs/impl_1/main.bit} [get_hw_devices xc7a35t_0]
program_hw_devices [get_hw_devices xc7a35t_0]
INFO: [Labtools 27-3164] End of startup status: HIGH
refresh_hw_device [lindex [get_hw_devices xc7a35t_0] 0]
INFO: [Labtools 27-1434] Device xc7a35t (JTAG device index = 0) is programmed with a design that has no supported debug core(s) in it.
reset_run synth_1
launch_runs impl_1 -to_step write_bitstream -jobs 4
[Sun Dec 29 11:03:19 2019] Launched synth_1...
Run output will be captured here: C:/Users/bayka/Google Drive/Universite/Bilgisayar/CS 223/Project/project/project.runs/synth_1/runme.log
[Sun Dec 29 11:03:19 2019] Launched impl_1...
Run output will be captured here: C:/Users/bayka/Google Drive/Universite/Bilgisayar/CS 223/Project/project/project.runs/impl_1/runme.log
set_property PROBES.FILE {} [get_hw_devices xc7a35t_0]
set_property FULL_PROBES.FILE {} [get_hw_devices xc7a35t_0]
set_property PROGRAM.FILE {C:/Users/bayka/Google Drive/Universite/Bilgisayar/CS 223/Project/project/project.runs/impl_1/main.bit} [get_hw_devices xc7a35t_0]
program_hw_devices [get_hw_devices xc7a35t_0]
INFO: [Labtools 27-3164] End of startup status: HIGH
refresh_hw_device [lindex [get_hw_devices xc7a35t_0] 0]
INFO: [Labtools 27-1434] Device xc7a35t (JTAG device index = 0) is programmed with a design that has no supported debug core(s) in it.
export_ip_user_files -of_objects  [get_files {{C:/Users/bayka/Google Drive/Universite/Bilgisayar/CS 223/Project/project/project.srcs/sources_1/new/cellular_automata.sv}}] -no_script -reset -force -quiet
remove_files  {{C:/Users/bayka/Google Drive/Universite/Bilgisayar/CS 223/Project/project/project.srcs/sources_1/new/cellular_automata.sv}}
file delete -force {C:/Users/bayka/Google Drive/Universite/Bilgisayar/CS 223/Project/project/project.srcs/sources_1/new/cellular_automata.sv}
reset_run synth_1
launch_runs impl_1 -to_step write_bitstream -jobs 4
[Sun Dec 29 11:14:21 2019] Launched synth_1...
Run output will be captured here: C:/Users/bayka/Google Drive/Universite/Bilgisayar/CS 223/Project/project/project.runs/synth_1/runme.log
[Sun Dec 29 11:14:21 2019] Launched impl_1...
Run output will be captured here: C:/Users/bayka/Google Drive/Universite/Bilgisayar/CS 223/Project/project/project.runs/impl_1/runme.log
set_property PROBES.FILE {} [get_hw_devices xc7a35t_0]
set_property FULL_PROBES.FILE {} [get_hw_devices xc7a35t_0]
set_property PROGRAM.FILE {C:/Users/bayka/Google Drive/Universite/Bilgisayar/CS 223/Project/project/project.runs/impl_1/main.bit} [get_hw_devices xc7a35t_0]
program_hw_devices [get_hw_devices xc7a35t_0]
INFO: [Labtools 27-3164] End of startup status: HIGH
refresh_hw_device [lindex [get_hw_devices xc7a35t_0] 0]
INFO: [Labtools 27-1434] Device xc7a35t (JTAG device index = 0) is programmed with a design that has no supported debug core(s) in it.
reset_run synth_1
launch_runs impl_1 -to_step write_bitstream -jobs 4
[Sun Dec 29 11:33:46 2019] Launched synth_1...
Run output will be captured here: C:/Users/bayka/Google Drive/Universite/Bilgisayar/CS 223/Project/project/project.runs/synth_1/runme.log
[Sun Dec 29 11:33:46 2019] Launched impl_1...
Run output will be captured here: C:/Users/bayka/Google Drive/Universite/Bilgisayar/CS 223/Project/project/project.runs/impl_1/runme.log
set_property PROBES.FILE {} [get_hw_devices xc7a35t_0]
set_property FULL_PROBES.FILE {} [get_hw_devices xc7a35t_0]
set_property PROGRAM.FILE {C:/Users/bayka/Google Drive/Universite/Bilgisayar/CS 223/Project/project/project.runs/impl_1/main.bit} [get_hw_devices xc7a35t_0]
program_hw_devices [get_hw_devices xc7a35t_0]
INFO: [Labtools 27-3164] End of startup status: HIGH
refresh_hw_device [lindex [get_hw_devices xc7a35t_0] 0]
INFO: [Labtools 27-1434] Device xc7a35t (JTAG device index = 0) is programmed with a design that has no supported debug core(s) in it.
reset_run synth_1
launch_runs impl_1 -to_step write_bitstream -jobs 4
[Sun Dec 29 11:37:53 2019] Launched synth_1...
Run output will be captured here: C:/Users/bayka/Google Drive/Universite/Bilgisayar/CS 223/Project/project/project.runs/synth_1/runme.log
[Sun Dec 29 11:37:53 2019] Launched impl_1...
Run output will be captured here: C:/Users/bayka/Google Drive/Universite/Bilgisayar/CS 223/Project/project/project.runs/impl_1/runme.log
set_property PROBES.FILE {} [get_hw_devices xc7a35t_0]
set_property FULL_PROBES.FILE {} [get_hw_devices xc7a35t_0]
set_property PROGRAM.FILE {C:/Users/bayka/Google Drive/Universite/Bilgisayar/CS 223/Project/project/project.runs/impl_1/main.bit} [get_hw_devices xc7a35t_0]
program_hw_devices [get_hw_devices xc7a35t_0]
INFO: [Labtools 27-3164] End of startup status: HIGH
refresh_hw_device [lindex [get_hw_devices xc7a35t_0] 0]
INFO: [Labtools 27-1434] Device xc7a35t (JTAG device index = 0) is programmed with a design that has no supported debug core(s) in it.
reset_run synth_1
launch_runs impl_1 -to_step write_bitstream -jobs 4
[Sun Dec 29 11:41:34 2019] Launched synth_1...
Run output will be captured here: C:/Users/bayka/Google Drive/Universite/Bilgisayar/CS 223/Project/project/project.runs/synth_1/runme.log
[Sun Dec 29 11:41:34 2019] Launched impl_1...
Run output will be captured here: C:/Users/bayka/Google Drive/Universite/Bilgisayar/CS 223/Project/project/project.runs/impl_1/runme.log
set_property PROBES.FILE {} [get_hw_devices xc7a35t_0]
set_property FULL_PROBES.FILE {} [get_hw_devices xc7a35t_0]
set_property PROGRAM.FILE {C:/Users/bayka/Google Drive/Universite/Bilgisayar/CS 223/Project/project/project.runs/impl_1/main.bit} [get_hw_devices xc7a35t_0]
program_hw_devices [get_hw_devices xc7a35t_0]
INFO: [Labtools 27-3164] End of startup status: HIGH
refresh_hw_device [lindex [get_hw_devices xc7a35t_0] 0]
INFO: [Labtools 27-1434] Device xc7a35t (JTAG device index = 0) is programmed with a design that has no supported debug core(s) in it.
reset_run synth_1
launch_runs impl_1 -to_step write_bitstream -jobs 4
[Sun Dec 29 11:52:17 2019] Launched synth_1...
Run output will be captured here: C:/Users/bayka/Google Drive/Universite/Bilgisayar/CS 223/Project/project/project.runs/synth_1/runme.log
[Sun Dec 29 11:52:17 2019] Launched impl_1...
Run output will be captured here: C:/Users/bayka/Google Drive/Universite/Bilgisayar/CS 223/Project/project/project.runs/impl_1/runme.log
set_property PROBES.FILE {} [get_hw_devices xc7a35t_0]
set_property FULL_PROBES.FILE {} [get_hw_devices xc7a35t_0]
set_property PROGRAM.FILE {C:/Users/bayka/Google Drive/Universite/Bilgisayar/CS 223/Project/project/project.runs/impl_1/main.bit} [get_hw_devices xc7a35t_0]
program_hw_devices [get_hw_devices xc7a35t_0]
INFO: [Labtools 27-3164] End of startup status: HIGH
refresh_hw_device [lindex [get_hw_devices xc7a35t_0] 0]
INFO: [Labtools 27-1434] Device xc7a35t (JTAG device index = 0) is programmed with a design that has no supported debug core(s) in it.
reset_run synth_1
launch_runs impl_1 -to_step write_bitstream -jobs 4
[Sun Dec 29 11:58:27 2019] Launched synth_1...
Run output will be captured here: C:/Users/bayka/Google Drive/Universite/Bilgisayar/CS 223/Project/project/project.runs/synth_1/runme.log
[Sun Dec 29 11:58:27 2019] Launched impl_1...
Run output will be captured here: C:/Users/bayka/Google Drive/Universite/Bilgisayar/CS 223/Project/project/project.runs/impl_1/runme.log
set_property PROBES.FILE {} [get_hw_devices xc7a35t_0]
set_property FULL_PROBES.FILE {} [get_hw_devices xc7a35t_0]
set_property PROGRAM.FILE {C:/Users/bayka/Google Drive/Universite/Bilgisayar/CS 223/Project/project/project.runs/impl_1/main.bit} [get_hw_devices xc7a35t_0]
program_hw_devices [get_hw_devices xc7a35t_0]
INFO: [Labtools 27-3164] End of startup status: HIGH
refresh_hw_device [lindex [get_hw_devices xc7a35t_0] 0]
INFO: [Labtools 27-1434] Device xc7a35t (JTAG device index = 0) is programmed with a design that has no supported debug core(s) in it.
reset_run synth_1
launch_runs impl_1 -to_step write_bitstream -jobs 4
[Sun Dec 29 12:08:37 2019] Launched synth_1...
Run output will be captured here: C:/Users/bayka/Google Drive/Universite/Bilgisayar/CS 223/Project/project/project.runs/synth_1/runme.log
[Sun Dec 29 12:08:37 2019] Launched impl_1...
Run output will be captured here: C:/Users/bayka/Google Drive/Universite/Bilgisayar/CS 223/Project/project/project.runs/impl_1/runme.log
set_property PROBES.FILE {} [get_hw_devices xc7a35t_0]
set_property FULL_PROBES.FILE {} [get_hw_devices xc7a35t_0]
set_property PROGRAM.FILE {C:/Users/bayka/Google Drive/Universite/Bilgisayar/CS 223/Project/project/project.runs/impl_1/main.bit} [get_hw_devices xc7a35t_0]
program_hw_devices [get_hw_devices xc7a35t_0]
INFO: [Labtools 27-3164] End of startup status: HIGH
refresh_hw_device [lindex [get_hw_devices xc7a35t_0] 0]
INFO: [Labtools 27-1434] Device xc7a35t (JTAG device index = 0) is programmed with a design that has no supported debug core(s) in it.
reset_run synth_1
launch_runs impl_1 -to_step write_bitstream -jobs 4
[Sun Dec 29 12:23:32 2019] Launched synth_1...
Run output will be captured here: C:/Users/bayka/Google Drive/Universite/Bilgisayar/CS 223/Project/project/project.runs/synth_1/runme.log
[Sun Dec 29 12:23:32 2019] Launched impl_1...
Run output will be captured here: C:/Users/bayka/Google Drive/Universite/Bilgisayar/CS 223/Project/project/project.runs/impl_1/runme.log
set_property PROBES.FILE {} [get_hw_devices xc7a35t_0]
set_property FULL_PROBES.FILE {} [get_hw_devices xc7a35t_0]
set_property PROGRAM.FILE {C:/Users/bayka/Google Drive/Universite/Bilgisayar/CS 223/Project/project/project.runs/impl_1/main.bit} [get_hw_devices xc7a35t_0]
program_hw_devices [get_hw_devices xc7a35t_0]
INFO: [Labtools 27-3164] End of startup status: HIGH
refresh_hw_device [lindex [get_hw_devices xc7a35t_0] 0]
INFO: [Labtools 27-1434] Device xc7a35t (JTAG device index = 0) is programmed with a design that has no supported debug core(s) in it.
reset_run synth_1
launch_runs impl_1 -to_step write_bitstream -jobs 4
[Sun Dec 29 12:35:49 2019] Launched synth_1...
Run output will be captured here: C:/Users/bayka/Google Drive/Universite/Bilgisayar/CS 223/Project/project/project.runs/synth_1/runme.log
[Sun Dec 29 12:35:49 2019] Launched impl_1...
Run output will be captured here: C:/Users/bayka/Google Drive/Universite/Bilgisayar/CS 223/Project/project/project.runs/impl_1/runme.log
set_property PROBES.FILE {} [get_hw_devices xc7a35t_0]
set_property FULL_PROBES.FILE {} [get_hw_devices xc7a35t_0]
set_property PROGRAM.FILE {C:/Users/bayka/Google Drive/Universite/Bilgisayar/CS 223/Project/project/project.runs/impl_1/main.bit} [get_hw_devices xc7a35t_0]
program_hw_devices [get_hw_devices xc7a35t_0]
INFO: [Labtools 27-3164] End of startup status: HIGH
refresh_hw_device [lindex [get_hw_devices xc7a35t_0] 0]
INFO: [Labtools 27-1434] Device xc7a35t (JTAG device index = 0) is programmed with a design that has no supported debug core(s) in it.
reset_run synth_1
launch_runs impl_1 -to_step write_bitstream -jobs 4
[Sun Dec 29 12:48:53 2019] Launched synth_1...
Run output will be captured here: C:/Users/bayka/Google Drive/Universite/Bilgisayar/CS 223/Project/project/project.runs/synth_1/runme.log
[Sun Dec 29 12:48:53 2019] Launched impl_1...
Run output will be captured here: C:/Users/bayka/Google Drive/Universite/Bilgisayar/CS 223/Project/project/project.runs/impl_1/runme.log
set_property PROBES.FILE {} [get_hw_devices xc7a35t_0]
set_property FULL_PROBES.FILE {} [get_hw_devices xc7a35t_0]
set_property PROGRAM.FILE {C:/Users/bayka/Google Drive/Universite/Bilgisayar/CS 223/Project/project/project.runs/impl_1/main.bit} [get_hw_devices xc7a35t_0]
program_hw_devices [get_hw_devices xc7a35t_0]
INFO: [Labtools 27-3164] End of startup status: HIGH
refresh_hw_device [lindex [get_hw_devices xc7a35t_0] 0]
INFO: [Labtools 27-1434] Device xc7a35t (JTAG device index = 0) is programmed with a design that has no supported debug core(s) in it.
reset_run synth_1
launch_runs impl_1 -to_step write_bitstream -jobs 4
[Sun Dec 29 12:53:06 2019] Launched synth_1...
Run output will be captured here: C:/Users/bayka/Google Drive/Universite/Bilgisayar/CS 223/Project/project/project.runs/synth_1/runme.log
[Sun Dec 29 12:53:06 2019] Launched impl_1...
Run output will be captured here: C:/Users/bayka/Google Drive/Universite/Bilgisayar/CS 223/Project/project/project.runs/impl_1/runme.log
set_property PROBES.FILE {} [get_hw_devices xc7a35t_0]
set_property FULL_PROBES.FILE {} [get_hw_devices xc7a35t_0]
set_property PROGRAM.FILE {C:/Users/bayka/Google Drive/Universite/Bilgisayar/CS 223/Project/project/project.runs/impl_1/main.bit} [get_hw_devices xc7a35t_0]
program_hw_devices [get_hw_devices xc7a35t_0]
INFO: [Labtools 27-3164] End of startup status: HIGH
refresh_hw_device [lindex [get_hw_devices xc7a35t_0] 0]
INFO: [Labtools 27-1434] Device xc7a35t (JTAG device index = 0) is programmed with a design that has no supported debug core(s) in it.
close_hw_manager
exit
INFO: [Common 17-206] Exiting Vivado at Sun Dec 29 12:57:54 2019...
