#-----------------------------------------------------------
# Vivado v2019.1 (64-bit)
# SW Build 2552052 on Fri May 24 14:49:42 MDT 2019
# IP Build 2548770 on Fri May 24 18:01:18 MDT 2019
# Start of session at: Mon Dec 30 12:54:05 2019
# Process ID: 2488
# Current directory: C:/Users/bayka/Google Drive/Universite/Bilgisayar/CS 223/Project/project
# Command line: vivado.exe -gui_launcher_event rodinguilauncherevent9884 C:\Users\bayka\Google Drive\Universite\Bilgisayar\CS 223\Project\project\project.xpr
# Log file: C:/Users/bayka/Google Drive/Universite/Bilgisayar/CS 223/Project/project/vivado.log
# Journal file: C:/Users/bayka/Google Drive/Universite/Bilgisayar/CS 223/Project/project\vivado.jou
#-----------------------------------------------------------
start_gui
open_project {C:/Users/bayka/Google Drive/Universite/Bilgisayar/CS 223/Project/project/project.xpr}
Scanning sources...
Finished scanning sources
WARNING: [Project 1-509] GeneratedRun file for 'impl_1' not found
CRITICAL WARNING: [Project 1-505] Unrecognized Option Name DcpsUptoDate
WARNING: [Project 1-231] Project 'project.xpr' was created with a future version and may or may not perform reliably with this version of Vivado. It has been opened in read-only mode for the protection of unrecognized data. Use 'File | Save Project As...' if you wish to alter a copy of the project.
INFO: [IP_Flow 19-234] Refreshing IP repositories
INFO: [IP_Flow 19-1704] No user IP repositories specified
INFO: [IP_Flow 19-2313] Loaded Vivado IP repository 'C:/Xilinx/Vivado/2019.1/data/ip'.
open_project: Time (s): cpu = 00:00:27 ; elapsed = 00:00:13 . Memory (MB): peak = 702.676 ; gain = 104.879
update_compile_order -fileset sources_1
save_project_as project_1 C:/Users/bayka/Documents/project_1 -force
save_project_as: Time (s): cpu = 00:00:16 ; elapsed = 00:00:08 . Memory (MB): peak = 736.219 ; gain = 0.000
open_hw
connect_hw_server
INFO: [Labtools 27-2285] Connecting to hw_server url TCP:localhost:3121
INFO: [Labtools 27-2222] Launching hw_server...
INFO: [Labtools 27-2221] Launch Output:

****** Xilinx hw_server v2019.1
  **** Build date : May 24 2019 at 15:13:31
    ** Copyright 1986-2019 Xilinx, Inc. All Rights Reserved.


connect_hw_server: Time (s): cpu = 00:00:01 ; elapsed = 00:00:05 . Memory (MB): peak = 747.734 ; gain = 11.516
open_hw_target
INFO: [Labtoolstcl 44-466] Opening hw_target localhost:3121/xilinx_tcf/Digilent/210183AA0CB7A
open_hw_target: Time (s): cpu = 00:00:06 ; elapsed = 00:00:07 . Memory (MB): peak = 1862.305 ; gain = 1114.570
current_hw_device [get_hw_devices xc7a35t_0]
refresh_hw_device -update_hw_probes false [lindex [get_hw_devices xc7a35t_0] 0]
INFO: [Labtools 27-1434] Device xc7a35t (JTAG device index = 0) is programmed with a design that has no supported debug core(s) in it.
launch_runs impl_1 -to_step write_bitstream -jobs 4
ERROR: [Runs 36-378] The checkpoint 'C:/Users/bayka/Documents/project_1/project_1.runs/synth_1/main.dcp' was created with 'Vivado v2019.2 (64-bit)', and cannot be opened in this version.
reset_run synth_1
launch_runs synth_1 -jobs 4
[Mon Dec 30 13:00:13 2019] Launched synth_1...
Run output will be captured here: C:/Users/bayka/Documents/project_1/project_1.runs/synth_1/runme.log
launch_runs impl_1 -jobs 4
[Mon Dec 30 13:01:51 2019] Launched impl_1...
Run output will be captured here: C:/Users/bayka/Documents/project_1/project_1.runs/impl_1/runme.log
open_run impl_1
INFO: [Device 21-403] Loading part xc7a35tcpg236-1
INFO: [Netlist 29-17] Analyzing 57 Unisim elements for replacement
INFO: [Netlist 29-28] Unisim Transformation completed in 0 CPU seconds
INFO: [Project 1-479] Netlist was created with Vivado 2019.1
INFO: [Project 1-570] Preparing netlist for logic optimization
INFO: [Timing 38-478] Restoring timing data from binary archive.
INFO: [Timing 38-479] Binary timing data restore complete.
INFO: [Project 1-856] Restoring constraints from binary archive.
INFO: [Project 1-853] Binary constraint restore complete.
Reading XDEF placement.
Reading placer database...
Reading XDEF routing.
Read XDEF File: Time (s): cpu = 00:00:01 ; elapsed = 00:00:00.224 . Memory (MB): peak = 2817.691 ; gain = 0.000
Restored from archive | CPU: 1.000000 secs | Memory: 0.000000 MB |
Finished XDEF File Restore: Time (s): cpu = 00:00:01 ; elapsed = 00:00:00.224 . Memory (MB): peak = 2817.691 ; gain = 0.000
Netlist sorting complete. Time (s): cpu = 00:00:00 ; elapsed = 00:00:00.001 . Memory (MB): peak = 2817.691 ; gain = 0.000
INFO: [Project 1-111] Unisim Transformation Summary:
No Unisim elements were transformed.

open_run: Time (s): cpu = 00:00:54 ; elapsed = 00:00:42 . Memory (MB): peak = 2943.762 ; gain = 1013.566
exit
INFO: [Common 17-206] Exiting Vivado at Mon Dec 30 13:05:49 2019...
